2024-09-10 22:11:56,255 [INFO] Activator:177 - 


2024-09-10 22:11:56,257 [INFO] Activator:178 - !SESSION log4j initialized
2024-09-10 22:12:02,163 [INFO] McuFinderGlobals:44 - Set McuFinder mode to 2 (CubeIDE integrated)
2024-09-10 22:12:03,924 [INFO] ApplicationProperties:181 - Using Application install path: D:\BKRA\KEIL C test\STM32CubeIDE_1.10.1\STM32CubeIDE\plugins\com.st.stm32cube.common.mx_6.6.1.202207061420
2024-09-10 22:12:03,947 [INFO] DbMcusXml:77 - Set database path to: D:\BKRA\KEIL C test\STM32CubeIDE_1.10.1\STM32CubeIDE\plugins\com.st.stm32cube.common.mx_6.6.1.202207061420\\db\/mcu/
2024-09-10 22:12:03,948 [INFO] ApiDb:269 - Set plugin database path to: D:\BKRA\KEIL C test\STM32CubeIDE_1.10.1\STM32CubeIDE\plugins\com.st.stm32cube.common.mx_6.6.1.202207061420\\db\/plugins/boardmanager/
2024-09-10 22:12:03,950 [WARN] ApiDb:254 - Overriding images path with different value:  => D:\BKRA\KEIL C test\STM32CubeIDE_1.10.1\STM32CubeIDE\plugins\com.st.stm32cube.common.mx_6.6.1.202207061420\\db\/plugins/mcufinder/images/
2024-09-10 22:12:03,972 [INFO] ApiDb:249 - Set database path to: C:\Users\User\.stmcufinder\plugins\mcufinder//mcu/
2024-09-10 22:12:03,975 [INFO] DbMcusAds:124 - Set database path to: C:\Users\User\.stmcufinder\plugins\mcufinder//mcu/
2024-09-10 22:12:08,117 [INFO] CrossReferenceDbSqlite:201 - Set database path to: C:\Users\User\.stmcufinder\plugins\mcufinder//mcu/cs/
2024-09-10 22:12:08,266 [INFO] RulesReader:61 - Compatibility file has been processed (282 Rules)
2024-09-10 22:12:08,392 [INFO] DbMcusXml:77 - Set database path to: D:\BKRA\KEIL C test\STM32CubeIDE_1.10.1\STM32CubeIDE\plugins\com.st.stm32cube.common.mx_6.6.1.202207061420\\db\/mcu/
2024-09-10 22:12:08,392 [INFO] ApiDb:269 - Set plugin database path to: D:\BKRA\KEIL C test\STM32CubeIDE_1.10.1\STM32CubeIDE\plugins\com.st.stm32cube.common.mx_6.6.1.202207061420\\db\/plugins/boardmanager/
2024-09-10 22:12:08,393 [INFO] ApiDb:256 - Set plugin images path to: D:\BKRA\KEIL C test\STM32CubeIDE_1.10.1\STM32CubeIDE\plugins\com.st.stm32cube.common.mx_6.6.1.202207061420\\db\/plugins/mcufinder/images/
2024-09-10 22:12:08,393 [WARN] DbFile:40 - Overriding database path with different value: C:\Users\User\.stmcufinder\plugins\mcufinder/ => C:\Users\User\.stmcufinder\plugins\mcufinder
2024-09-10 22:12:08,393 [INFO] ApiDb:249 - Set database path to: C:\Users\User\.stmcufinder\plugins\mcufinder//mcu/
2024-09-10 22:12:08,393 [WARN] DbFile:40 - Overriding database path with different value: C:\Users\User\.stmcufinder\plugins\mcufinder/ => C:\Users\User\.stmcufinder\plugins\mcufinder
2024-09-10 22:12:08,394 [INFO] DbMcusAds:124 - Set database path to: C:\Users\User\.stmcufinder\plugins\mcufinder//mcu/
2024-09-10 22:12:08,395 [WARN] DbFile:40 - Overriding database path with different value: C:\Users\User\.stmcufinder\plugins\mcufinder/ => C:\Users\User\.stmcufinder\plugins\mcufinder
2024-09-10 22:12:08,396 [WARN] DbFile:40 - Overriding database path with different value: C:\Users\User\.stmcufinder\plugins\mcufinder/ => C:\Users\User\.stmcufinder\plugins\mcufinder
2024-09-10 22:12:08,396 [INFO] CrossReferenceDbSqlite:201 - Set database path to: C:\Users\User\.stmcufinder\plugins\mcufinder//mcu/cs/
2024-09-10 22:12:08,510 [INFO] MainPanel:242 - HeapMemory: 268435456
2024-09-10 22:12:08,616 [INFO] DbMcusXml:77 - Set database path to: D:\BKRA\KEIL C test\STM32CubeIDE_1.10.1\STM32CubeIDE\plugins\com.st.stm32cube.common.mx_6.6.1.202207061420\\db\/mcu/
2024-09-10 22:12:08,616 [INFO] ApiDb:269 - Set plugin database path to: D:\BKRA\KEIL C test\STM32CubeIDE_1.10.1\STM32CubeIDE\plugins\com.st.stm32cube.common.mx_6.6.1.202207061420\\db\/plugins/boardmanager/
2024-09-10 22:12:08,616 [INFO] ApiDb:256 - Set plugin images path to: D:\BKRA\KEIL C test\STM32CubeIDE_1.10.1\STM32CubeIDE\plugins\com.st.stm32cube.common.mx_6.6.1.202207061420\\db\/plugins/mcufinder/images/
2024-09-10 22:12:08,617 [WARN] DbFile:40 - Overriding database path with different value: C:\Users\User\.stmcufinder\plugins\mcufinder/ => C:\Users\User\.stmcufinder\plugins\mcufinder
2024-09-10 22:12:08,617 [INFO] ApiDb:249 - Set database path to: C:\Users\User\.stmcufinder\plugins\mcufinder//mcu/
2024-09-10 22:12:08,618 [WARN] DbFile:40 - Overriding database path with different value: C:\Users\User\.stmcufinder\plugins\mcufinder/ => C:\Users\User\.stmcufinder\plugins\mcufinder
2024-09-10 22:12:08,618 [INFO] DbMcusAds:124 - Set database path to: C:\Users\User\.stmcufinder\plugins\mcufinder//mcu/
2024-09-10 22:12:08,618 [WARN] DbFile:40 - Overriding database path with different value: C:\Users\User\.stmcufinder\plugins\mcufinder/ => C:\Users\User\.stmcufinder\plugins\mcufinder
2024-09-10 22:12:08,618 [WARN] DbFile:40 - Overriding database path with different value: C:\Users\User\.stmcufinder\plugins\mcufinder/ => C:\Users\User\.stmcufinder\plugins\mcufinder
2024-09-10 22:12:08,619 [INFO] CrossReferenceDbSqlite:201 - Set database path to: C:\Users\User\.stmcufinder\plugins\mcufinder//mcu/cs/
2024-09-10 22:12:08,647 [INFO] ApplicationProperties:181 - Using Application install path: D:\BKRA\KEIL C test\STM32CubeIDE_1.10.1\STM32CubeIDE\plugins\com.st.stm32cube.common.mx_6.6.1.202207061420
2024-09-10 22:12:08,649 [INFO] PluginManage:193 - Search for loadable plugins [exclusion list=, ]
2024-09-10 22:12:08,651 [INFO] PluginManage:307 - Check plugin analytics
2024-09-10 22:12:16,484 [INFO] AnalyticsPlugin:262 - Accepted Software Licenses: STM32CubeMX.6.12.0
2024-09-10 22:12:16,485 [INFO] AnalyticsPlugin:264 - Accepted CMSIS Pack Licenses: 
2024-09-10 22:12:16,485 [INFO] AnalyticsPlugin:266 - Accepted Firmware Licenses: FW.F4.1.28.0
2024-09-10 22:12:16,498 [INFO] PluginManage:356 - Loaded plugin analytics (category:tool,tabindex:-1)
2024-09-10 22:12:16,499 [INFO] PluginManage:307 - Check plugin cadmodel
2024-09-10 22:12:16,504 [INFO] CADModel:65 - Init CAD model plugin
2024-09-10 22:12:16,504 [INFO] PluginManage:356 - Loaded plugin cadmodel (category:power,tabindex:5)
2024-09-10 22:12:16,505 [INFO] PluginManage:307 - Check plugin clock
2024-09-10 22:12:16,525 [INFO] PluginManage:356 - Loaded plugin clock (category:base,tabindex:2)
2024-09-10 22:12:16,525 [INFO] PluginManage:307 - Check plugin ddr
2024-09-10 22:12:16,529 [INFO] PluginManage:356 - Loaded plugin ddr (category:tool,tabindex:6)
2024-09-10 22:12:16,529 [INFO] PluginManage:307 - Check plugin filemanager
2024-09-10 22:12:16,709 [INFO] PluginManage:356 - Loaded plugin filemanager (category:base,tabindex:10)
2024-09-10 22:12:16,709 [INFO] PluginManage:307 - Check plugin ipmanager
2024-09-10 22:12:16,718 [INFO] PluginManage:356 - Loaded plugin ipmanager (category:base,tabindex:5)
2024-09-10 22:12:16,718 [INFO] PluginManage:307 - Check plugin lpbam
2024-09-10 22:12:16,732 [INFO] PluginManage:356 - Loaded plugin lpbam (category:base,tabindex:0)
2024-09-10 22:12:16,732 [INFO] PluginManage:307 - Check plugin pinoutandconfiguration
2024-09-10 22:12:16,742 [INFO] PluginManage:356 - Loaded plugin pinoutandconfiguration (category:base,tabindex:1)
2024-09-10 22:12:16,742 [INFO] PluginManage:307 - Check plugin pinoutconfig
2024-09-10 22:12:16,788 [INFO] PluginManage:356 - Loaded plugin pinoutconfig (category:base,tabindex:0)
2024-09-10 22:12:16,789 [INFO] PluginManage:307 - Check plugin power
2024-09-10 22:12:16,802 [INFO] PluginManage:356 - Loaded plugin power (category:power,tabindex:4)
2024-09-10 22:12:16,802 [INFO] PluginManage:307 - Check plugin projectmanager
2024-09-10 22:12:16,819 [INFO] PluginManage:356 - Loaded plugin projectmanager (category:projectmanager,tabindex:3)
2024-09-10 22:12:16,819 [INFO] PluginManage:307 - Check plugin thirdparty
2024-09-10 22:12:16,989 [INFO] PluginManage:356 - Loaded plugin thirdparty (category:base,tabindex:-1)
2024-09-10 22:12:16,989 [INFO] PluginManage:307 - Check plugin tools
2024-09-10 22:12:16,992 [INFO] PluginManage:356 - Loaded plugin tools (category:base,tabindex:7)
2024-09-10 22:12:16,993 [INFO] PluginManage:307 - Check plugin tutovideos
2024-09-10 22:12:17,011 [WARN] IntegrityCheckThread:82 - waiting for thirdparty lock release [integrity check]
2024-09-10 22:12:17,013 [INFO] IntegrityCheckThread:84 - entering critical section [integrity check]
2024-09-10 22:12:17,016 [INFO] ThirdPartyUpdaterWithRetryManager:70 - Updater plugin not ready yet. [1/15]
2024-09-10 22:12:17,295 [INFO] PluginManage:356 - Loaded plugin tutovideos (category:base,tabindex:-1)
2024-09-10 22:12:17,296 [INFO] PluginManage:307 - Check plugin updater
2024-09-10 22:12:17,317 [INFO] PluginManage:356 - Loaded plugin updater (category:base,tabindex:12)
2024-09-10 22:12:17,318 [INFO] PluginManage:280 - PluginManage : Loaded plugins [15]
2024-09-10 22:12:17,658 [INFO] PinOutPanel:1468 - setPackage(No Configuration,No Configuration)
2024-09-10 22:12:17,754 [INFO] CADModel:98 - CPN selected for project level
2024-09-10 22:12:17,781 [INFO] IPUIPlugin:79 - create IPUIPlugin
2024-09-10 22:12:17,781 [INFO] PluginManager:217 - loadIPPluginJar : add adc
2024-09-10 22:12:17,785 [INFO] IPUIPlugin:79 - create IPUIPlugin
2024-09-10 22:12:17,786 [INFO] PluginManager:217 - loadIPPluginJar : add aes
2024-09-10 22:12:17,790 [INFO] IPUIPlugin:79 - create IPUIPlugin
2024-09-10 22:12:17,790 [INFO] PluginManager:217 - loadIPPluginJar : add can
2024-09-10 22:12:17,792 [INFO] IPUIPlugin:79 - create IPUIPlugin
2024-09-10 22:12:17,792 [INFO] PluginManager:217 - loadIPPluginJar : add comp
2024-09-10 22:12:17,797 [INFO] IPUIPlugin:79 - create IPUIPlugin
2024-09-10 22:12:17,797 [INFO] PluginManager:217 - loadIPPluginJar : add cryp
2024-09-10 22:12:17,801 [INFO] IPUIPlugin:79 - create IPUIPlugin
2024-09-10 22:12:17,801 [INFO] PluginManager:217 - loadIPPluginJar : add dfsdm
2024-09-10 22:12:17,810 [INFO] IPUIPlugin:79 - create IPUIPlugin
2024-09-10 22:12:17,812 [INFO] PluginManager:217 - loadIPPluginJar : add dma
2024-09-10 22:12:17,815 [INFO] IPUIPlugin:79 - create IPUIPlugin
2024-09-10 22:12:17,815 [INFO] PluginManager:217 - loadIPPluginJar : add dma3
2024-09-10 22:12:17,817 [INFO] IPUIPlugin:79 - create IPUIPlugin
2024-09-10 22:12:17,818 [INFO] PluginManager:217 - loadIPPluginJar : add fatfs
2024-09-10 22:12:17,825 [INFO] IPUIPlugin:79 - create IPUIPlugin
2024-09-10 22:12:17,825 [INFO] PluginManager:217 - loadIPPluginJar : add fmc
2024-09-10 22:12:17,832 [INFO] IPUIPlugin:79 - create IPUIPlugin
2024-09-10 22:12:17,833 [INFO] PluginManager:217 - loadIPPluginJar : add freertos
2024-09-10 22:12:17,835 [INFO] IPUIPlugin:79 - create IPUIPlugin
2024-09-10 22:12:17,835 [INFO] PluginManager:217 - loadIPPluginJar : add genericplugin
2024-09-10 22:12:17,840 [INFO] IPUIPlugin:79 - create IPUIPlugin
2024-09-10 22:12:17,841 [INFO] PluginManager:217 - loadIPPluginJar : add gfxmmu
2024-09-10 22:12:17,850 [INFO] IPUIPlugin:79 - create IPUIPlugin
2024-09-10 22:12:17,850 [INFO] PluginManager:217 - loadIPPluginJar : add gic
2024-09-10 22:12:17,856 [INFO] IPUIPlugin:79 - create IPUIPlugin
2024-09-10 22:12:17,857 [INFO] PluginManager:217 - loadIPPluginJar : add gpio
2024-09-10 22:12:17,861 [INFO] IPUIPlugin:79 - create IPUIPlugin
2024-09-10 22:12:17,862 [INFO] PluginManager:217 - loadIPPluginJar : add gtzc
2024-09-10 22:12:17,864 [INFO] IPUIPlugin:79 - create IPUIPlugin
2024-09-10 22:12:17,865 [INFO] PluginManager:217 - loadIPPluginJar : add hash
2024-09-10 22:12:17,867 [INFO] IPUIPlugin:79 - create IPUIPlugin
2024-09-10 22:12:17,868 [INFO] PluginManager:217 - loadIPPluginJar : add i2c
2024-09-10 22:12:17,870 [INFO] IPUIPlugin:79 - create IPUIPlugin
2024-09-10 22:12:17,871 [INFO] PluginManager:217 - loadIPPluginJar : add i2s
2024-09-10 22:12:17,876 [INFO] IPUIPlugin:79 - create IPUIPlugin
2024-09-10 22:12:17,876 [INFO] PluginManager:217 - loadIPPluginJar : add ipddr
2024-09-10 22:12:17,887 [INFO] IPUIPlugin:79 - create IPUIPlugin
2024-09-10 22:12:17,887 [INFO] PluginManager:217 - loadIPPluginJar : add linkedlist
2024-09-10 22:12:17,892 [INFO] IPUIPlugin:79 - create IPUIPlugin
2024-09-10 22:12:17,893 [INFO] PluginManager:217 - loadIPPluginJar : add lorawan
2024-09-10 22:12:17,895 [INFO] IPUIPlugin:79 - create IPUIPlugin
2024-09-10 22:12:17,895 [INFO] PluginManager:217 - loadIPPluginJar : add ltdc
2024-09-10 22:12:17,903 [INFO] IPUIPlugin:79 - create IPUIPlugin
2024-09-10 22:12:17,904 [INFO] PluginManager:217 - loadIPPluginJar : add mdma
2024-09-10 22:12:17,911 [INFO] IPUIPlugin:79 - create IPUIPlugin
2024-09-10 22:12:17,912 [INFO] PluginManager:217 - loadIPPluginJar : add nvic
2024-09-10 22:12:17,916 [INFO] IPUIPlugin:79 - create IPUIPlugin
2024-09-10 22:12:17,916 [INFO] PluginManager:217 - loadIPPluginJar : add opamp
2024-09-10 22:12:17,921 [INFO] IPUIPlugin:79 - create IPUIPlugin
2024-09-10 22:12:17,922 [INFO] PluginManager:217 - loadIPPluginJar : add openamp
2024-09-10 22:12:17,927 [INFO] IPUIPlugin:79 - create IPUIPlugin
2024-09-10 22:12:17,928 [INFO] PluginManager:217 - loadIPPluginJar : add pdm2pcm
2024-09-10 22:12:17,935 [INFO] IPUIPlugin:79 - create IPUIPlugin
2024-09-10 22:12:17,939 [INFO] PluginManager:217 - loadIPPluginJar : add plateformsettings
2024-09-10 22:12:17,941 [INFO] IPUIPlugin:79 - create IPUIPlugin
2024-09-10 22:12:17,942 [INFO] PluginManager:217 - loadIPPluginJar : add quadspi
2024-09-10 22:12:17,946 [INFO] IPUIPlugin:79 - create IPUIPlugin
2024-09-10 22:12:17,946 [INFO] PluginManager:217 - loadIPPluginJar : add resmgrutility
2024-09-10 22:12:17,949 [INFO] IPUIPlugin:79 - create IPUIPlugin
2024-09-10 22:12:17,950 [INFO] PluginManager:217 - loadIPPluginJar : add sai
2024-09-10 22:12:17,953 [INFO] IPUIPlugin:79 - create IPUIPlugin
2024-09-10 22:12:17,953 [INFO] PluginManager:217 - loadIPPluginJar : add spi
2024-09-10 22:12:17,961 [INFO] IPUIPlugin:79 - create IPUIPlugin
2024-09-10 22:12:17,961 [INFO] PluginManager:217 - loadIPPluginJar : add stm32_wpan
2024-09-10 22:12:17,963 [INFO] IPUIPlugin:79 - create IPUIPlugin
2024-09-10 22:12:17,963 [INFO] PluginManager:217 - loadIPPluginJar : add tim
2024-09-10 22:12:17,968 [INFO] IPUIPlugin:79 - create IPUIPlugin
2024-09-10 22:12:17,968 [INFO] PluginManager:217 - loadIPPluginJar : add touchsensing
2024-09-10 22:12:17,972 [INFO] IPUIPlugin:79 - create IPUIPlugin
2024-09-10 22:12:17,972 [INFO] PluginManager:217 - loadIPPluginJar : add tracer_emb
2024-09-10 22:12:17,975 [INFO] IPUIPlugin:79 - create IPUIPlugin
2024-09-10 22:12:17,976 [INFO] PluginManager:217 - loadIPPluginJar : add ts
2024-09-10 22:12:17,979 [INFO] IPUIPlugin:79 - create IPUIPlugin
2024-09-10 22:12:17,979 [INFO] PluginManager:217 - loadIPPluginJar : add tsc
2024-09-10 22:12:17,981 [INFO] IPUIPlugin:79 - create IPUIPlugin
2024-09-10 22:12:17,982 [INFO] PluginManager:217 - loadIPPluginJar : add ucpd
2024-09-10 22:12:17,986 [INFO] IPUIPlugin:79 - create IPUIPlugin
2024-09-10 22:12:17,986 [INFO] PluginManager:217 - loadIPPluginJar : add usart
2024-09-10 22:12:17,991 [INFO] IPUIPlugin:79 - create IPUIPlugin
2024-09-10 22:12:17,991 [INFO] PluginManager:217 - loadIPPluginJar : add usbx
2024-09-10 22:12:18,350 [FATAL] Updater:301 - Updater called before beeing initialized
2024-09-10 22:12:18,524 [FATAL] Updater:301 - Updater called before beeing initialized
2024-09-10 22:12:18,533 [INFO] DbMcusAds:52 - JSON generation date=Thu May 16 16:22:00 ICT 2024 (1715851320667)
2024-09-10 22:12:18,533 [FATAL] Updater:301 - Updater called before beeing initialized
2024-09-10 22:12:18,581 [WARN] DetailPanel:344 - Failed to get advertising image, set to default
2024-09-10 22:12:18,718 [FATAL] Updater:301 - Updater called before beeing initialized
2024-09-10 22:12:18,720 [FATAL] Updater:301 - Updater called before beeing initialized
2024-09-10 22:12:18,721 [FATAL] Updater:301 - Updater called before beeing initialized
2024-09-10 22:12:18,721 [WARN] DetailPanel:344 - Failed to get advertising image, set to default
2024-09-10 22:12:18,722 [FATAL] Updater:301 - Updater called before beeing initialized
2024-09-10 22:12:18,798 [ERROR] Updater:1105 - MainUpdater not yet initialized. External WinMGr cannot be set.
2024-09-10 22:12:18,801 [INFO] Updater:1041 - Updater Version found : 6.6.1
2024-09-10 22:12:18,824 [INFO] ApplicationProperties:181 - Using Application install path: D:\BKRA\KEIL C test\STM32CubeIDE_1.10.1\STM32CubeIDE\plugins\com.st.stm32cube.common.mx_6.6.1.202207061420
2024-09-10 22:12:19,466 [INFO] MainUpdater:2768 - connection check result : 10
2024-09-10 22:12:19,467 [INFO] MainUpdater:280 - Updater Check For Update Now.
2024-09-10 22:12:19,468 [INFO] MicroXplorer:481 - Change Database Version : DB.6.0.60
2024-09-10 22:12:19,694 [INFO] CheckServerUpdateThread:119 - End of CheckServer Thread
2024-09-10 22:12:19,890 [INFO] MainUpdater:2768 - connection check result : 10
2024-09-10 22:12:20,264 [INFO] McuFinderGlobals:57 - Set McuFinderConnectedMode to true
2024-09-10 22:12:20,317 [INFO] MultiScanPanel:195 - Auto-refresh data requested => check proxy status ongoing
2024-09-10 22:12:20,329 [INFO] FinderPluginLoader:92 - Searching for filters in installed packs
2024-09-10 22:12:20,631 [WARN] PackLoader:242 - Cannot read IP mode file for STMicroelectronics.FP-SNS-MOTENVWB1.1.4.0
2024-09-10 22:12:20,651 [WARN] PackLoader:242 - Cannot read IP mode file for STMicroelectronics.X-CUBE-SMBUS.2.1.0
2024-09-10 22:12:20,661 [WARN] PackLoader:242 - Cannot read IP mode file for STMicroelectronics.X-CUBE-TOUCHGFX.4.23.2
2024-09-10 22:12:20,730 [WARN] PackLoader:242 - Cannot read IP mode file for STMicroelectronics.X-CUBE-AZRTOS-F7.1.1.0
2024-09-10 22:12:20,956 [WARN] PackLoader:242 - Cannot read IP mode file for STMicroelectronics.X-CUBE-MEMS1.11.0.0
2024-09-10 22:12:21,361 [WARN] PackLoader:242 - Cannot read IP mode file for STMicroelectronics.FP-SNS-FLIGHT1.5.0.2
2024-09-10 22:12:21,376 [WARN] PackLoader:242 - Cannot read IP mode file for STMicroelectronics.X-CUBE-DISPLAY.3.0.0
2024-09-10 22:12:21,392 [WARN] PackLoader:242 - Cannot read IP mode file for STMicroelectronics.X-CUBE-BLE1.7.0.0
2024-09-10 22:12:21,400 [WARN] PackLoader:242 - Cannot read IP mode file for emotas.I-CUBE-CANOPEN.1.3.0
2024-09-10 22:12:21,415 [WARN] PackLoader:242 - Cannot read IP mode file for STMicroelectronics.X-CUBE-BLEMGR.3.1.0
2024-09-10 22:12:21,426 [WARN] PackLoader:242 - Cannot read IP mode file for STMicroelectronics.FP-SNS-SMARTAG2.1.2.0
2024-09-10 22:12:21,442 [INFO] LogOutputStream:76 - [STDOUT_REDIRECT] 1 : Invalid condition id : UX_CORESTACK_Condition cause : null
2024-09-10 22:12:21,443 [INFO] LogOutputStream:76 - [STDOUT_REDIRECT] 1 : Invalid condition id : UX_CORESTACK_Condition cause : null
2024-09-10 22:12:21,446 [INFO] LogOutputStream:76 - [STDOUT_REDIRECT] 1 : Invalid condition id : UX_CORESTACK_Condition cause : null
2024-09-10 22:12:21,448 [INFO] LogOutputStream:76 - [STDOUT_REDIRECT] 1 : Invalid condition id : UX_CORESTACK_Condition cause : null
2024-09-10 22:12:21,474 [INFO] LogOutputStream:76 - [STDOUT_REDIRECT] 1 : Invalid condition id : UX_CORESTACK_Condition cause : null
2024-09-10 22:12:21,479 [WARN] PackLoader:242 - Cannot read IP mode file for STMicroelectronics.X-CUBE-AZRTOS-WL.2.0.0
2024-09-10 22:12:21,490 [WARN] PackLoader:242 - Cannot read IP mode file for STMicroelectronics.FP-SNS-MOTENV1.5.0.0
2024-09-10 22:12:21,498 [WARN] PackLoader:242 - Cannot read IP mode file for wolfSSL.I-CUBE-wolfMQTT.1.19.0
2024-09-10 22:12:21,510 [WARN] PackLoader:242 - Cannot read IP mode file for WES.I-CUBE-Cesium.1.3.0
2024-09-10 22:12:21,518 [WARN] PackLoader:242 - Cannot read IP mode file for STMicroelectronics.X-CUBE-BLE2.3.3.0
2024-09-10 22:12:21,528 [WARN] PackLoader:242 - Cannot read IP mode file for STMicroelectronics.X-CUBE-TCPP.4.1.0
2024-09-10 22:12:21,543 [WARN] PackLoader:242 - Cannot read IP mode file for STMicroelectronics.X-CUBE-ALGOBUILD.1.3.0
2024-09-10 22:12:21,575 [WARN] PackLoader:242 - Cannot read IP mode file for STMicroelectronics.X-CUBE-AZRTOS-G0.1.1.0
2024-09-10 22:12:21,611 [WARN] PackLoader:242 - Cannot read IP mode file for STMicroelectronics.X-CUBE-SAFEA1.1.2.2
2024-09-10 22:12:21,619 [WARN] PackLoader:242 - Cannot read IP mode file for STMicroelectronics.X-CUBE-NFC4.3.0.0
2024-09-10 22:12:21,626 [WARN] PackLoader:242 - Cannot read IP mode file for wolfSSL.I-CUBE-wolfMQTT.1.18.0
2024-09-10 22:12:21,631 [ERROR] Engine:467 - C:\Users\User\.stm32cubemx\thirdparties\pdsc\EmbeddedOffice.I-CUBE-FS-RTOS.1.0.1.pdsc: PDSC version is not supported
2024-09-10 22:12:21,634 [ERROR] Engine:467 - C:\Users\User\.stm32cubemx\thirdparties\pdsc\RealThread.X-CUBE-RT-Thread_Nano.4.1.1.pdsc: PDSC version is not supported
2024-09-10 22:12:21,640 [WARN] PackLoader:242 - Cannot read IP mode file for wolfSSL.I-CUBE-wolfSSL.5.7.0
2024-09-10 22:12:21,646 [WARN] PackLoader:242 - Cannot read IP mode file for STMicroelectronics.FP-ATR-SIGFOX1.3.2.0
2024-09-10 22:12:21,656 [WARN] PackLoader:242 - Cannot read IP mode file for STMicroelectronics.X-CUBE-EEPRMA1.5.1.0
2024-09-10 22:12:21,667 [WARN] PackLoader:242 - Cannot read IP mode file for ITTIA_DB.I-CUBE-ITTIADB.8.9.0
2024-09-10 22:12:21,789 [WARN] PackLoader:242 - Cannot read IP mode file for SEGGER.I-CUBE-embOS.1.3.1
2024-09-10 22:12:21,867 [WARN] PackLoader:242 - Cannot read IP mode file for STMicroelectronics.X-CUBE-ALGOBUILD.1.4.0
2024-09-10 22:12:21,877 [WARN] PackLoader:242 - Cannot read IP mode file for STMicroelectronics.X-CUBE-GNSS1.6.0.0
2024-09-10 22:12:21,916 [INFO] ApiDb:576 - Connected to CubeFinder SQLite database (C:\Users\User\.stmcufinder\plugins\mcufinder\mcu\cube-finder-db.db)
2024-09-10 22:12:21,930 [WARN] PackLoader:242 - Cannot read IP mode file for STMicroelectronics.X-CUBE-AZRTOS-F4.1.1.0
2024-09-10 22:12:21,942 [WARN] PackLoader:242 - Cannot read IP mode file for STMicroelectronics.X-CUBE-FREERTOS.1.2.0
2024-09-10 22:12:21,970 [WARN] PackLoader:242 - Cannot read IP mode file for STMicroelectronics.X-CUBE-AZRTOS-L5.2.0.0
2024-09-10 22:12:21,986 [WARN] PackLoader:242 - Cannot read IP mode file for STMicroelectronics.X-CUBE-NFC6.3.1.0
2024-09-10 22:12:22,001 [ERROR] Engine:467 - C:\Users\User\.stm32cubemx\thirdparties\pdsc\STMicroelectronics.X-CUBE-DPower.1.2.0.pdsc: PDSC version is not supported
2024-09-10 22:12:22,012 [WARN] PackLoader:242 - Cannot read IP mode file for STMicroelectronics.X-CUBE-AI.9.0.0
2024-09-10 22:12:22,020 [WARN] PackLoader:242 - Cannot read IP mode file for STMicroelectronics.X-CUBE-NFC7.1.0.1
2024-09-10 22:12:22,040 [WARN] PackLoader:242 - Cannot read IP mode file for wolfSSL.I-CUBE-wolfTPM.3.2.0
2024-09-10 22:12:22,077 [WARN] ConditionMgr:437 - getConditionDescription Invalid condition id : LAN8742 Phy interface Condition cause : null
2024-09-10 22:12:22,079 [WARN] PackLoader:242 - Cannot read IP mode file for STMicroelectronics.X-CUBE-AZRTOS-L4.2.0.0
2024-09-10 22:12:22,081 [WARN] ConditionMgr:1038 - genDependencies : Invalid condition id : LAN8742 Phy interface Condition cause : null
2024-09-10 22:12:22,082 [WARN] ConditionMgr:1038 - genDependencies : Invalid condition id : LAN8742 Phy interface Condition cause : null
2024-09-10 22:12:22,083 [WARN] ConditionMgr:1038 - genDependencies : Invalid condition id : LAN8742 Phy interface Condition cause : null
2024-09-10 22:12:22,095 [WARN] PackLoader:242 - Cannot read IP mode file for STMicroelectronics.X-CUBE-SFXS2LP1.4.0.0
2024-09-10 22:12:22,142 [WARN] PackLoader:242 - Cannot read IP mode file for STMicroelectronics.X-CUBE-AZRTOS-H7.3.3.0
2024-09-10 22:12:22,163 [INFO] ApiDb:663 - CubeFinder database Data Model version=2.1
2024-09-10 22:12:22,164 [INFO] ApiDb:664 - CubeFinder database Configuration version=3.0.39
2024-09-10 22:12:22,164 [INFO] ApiDb:665 - CubeFinder database generation date=2024-08-06 (1722941618)
2024-09-10 22:12:22,164 [INFO] ApiDb:666 - CubeFinder database FW Pack versions=[FP-ATR-ASTRA1_V2.0.0, FP-SNS-FLIGHT1_V5.0.2, FP-SNS-MOTENV1_V5.0.0, FP-SNS-MOTENVWB1_V1.4.0, FP-SNS-SMARTAG2_V1.2.0, FP-SNS-STBOX1_V2.0.0, STM32Cube_FW_C0_V1.2.0, STM32Cube_FW_F4_V1.28.0, STM32Cube_FW_F7_V1.17.2, STM32Cube_FW_G0_V1.6.2, STM32Cube_FW_G4_V1.6.0, STM32Cube_FW_H5_V1.3.0, STM32Cube_FW_H7RS_V1.1.0, STM32Cube_FW_H7_V1.11.2, STM32Cube_FW_L0_V1.12.2, STM32Cube_FW_L5_V1.5.1, STM32Cube_FW_U0_V1.1.0, STM32Cube_FW_U5_V1.6.0, STM32Cube_FW_WB0_V1.0.0, STM32Cube_FW_WBA_V1.4.1, STM32Cube_FW_WB_V1.20.0, STM32Cube_FW_WL_V1.3.0, X-CUBE-ALGOBUILD_V1.4.0, X-CUBE-ALS_V1.0.2, X-CUBE-AZRTOS-F4_V1.1.0, X-CUBE-AZRTOS-F7_V1.1.0, X-CUBE-AZRTOS-G0_V1.1.0, X-CUBE-AZRTOS-G4_V2.0.0, X-CUBE-AZRTOS-H7RS_V1.0.0, X-CUBE-AZRTOS-H7_V3.2.0, X-CUBE-AZRTOS-L4_V2.0.0, X-CUBE-AZRTOS-L5_V1.1.0, X-CUBE-AZRTOS-WB_V2.0.0, X-CUBE-AZRTOS-WL_V2.0.0, X-CUBE-BLE1_V7.0.0, X-CUBE-BLE2_V3.3.0, X-CUBE-BLEMGR_V3.1.0, X-CUBE-EEPRMA1_V5.1.0, X-CUBE-FREERTOS_V1.2.0, X-CUBE-GNSS1_V6.0.0, X-CUBE-MEMS1_V10.0.0, X-CUBE-NFC4_V3.0.0, X-CUBE-NFC7_V1.0.1, X-CUBE-SFXS2LP1_V4.0.0, X-CUBE-SUBG2_V5.0.0, X-CUBE-TOF1_V3.4.2]
2024-09-10 22:12:22,190 [WARN] ConditionMgr:437 - getConditionDescription Invalid condition id : UX DEVICE CLASS RTOS Condition cause : null
2024-09-10 22:12:22,191 [WARN] ConditionMgr:437 - getConditionDescription Invalid condition id : UX DEVICE CLASS RTOS Condition cause : null
2024-09-10 22:12:22,202 [WARN] PackLoader:242 - Cannot read IP mode file for STMicroelectronics.X-CUBE-AZRTOS-WB.2.0.0
2024-09-10 22:12:22,203 [WARN] ConditionMgr:1038 - genDependencies : Invalid condition id : UX DEVICE CLASS RTOS Condition cause : null
2024-09-10 22:12:22,203 [WARN] ConditionMgr:1038 - genDependencies : Invalid condition id : UX DEVICE CLASS RTOS Condition cause : null
2024-09-10 22:12:22,204 [WARN] ConditionMgr:1038 - genDependencies : Invalid condition id : UX DEVICE CLASS RTOS Condition cause : null
2024-09-10 22:12:22,204 [WARN] ConditionMgr:1038 - genDependencies : Invalid condition id : UX DEVICE CLASS RTOS Condition cause : null
2024-09-10 22:12:22,205 [WARN] ConditionMgr:1038 - genDependencies : Invalid condition id : UX DEVICE CLASS RTOS Condition cause : null
2024-09-10 22:12:22,210 [ERROR] Engine:467 - C:\Users\User\.stm32cubemx\thirdparties\pdsc\STMicroelectronics.FP-SNS-STBOX1.2.0.0.pdsc: PDSC version is not supported
2024-09-10 22:12:22,230 [WARN] PackLoader:242 - Cannot read IP mode file for STMicroelectronics.X-CUBE-SUBG2.5.0.0
2024-09-10 22:12:22,259 [WARN] PackLoader:242 - Cannot read IP mode file for STMicroelectronics.X-CUBE-AZRTOS-G4.2.0.0
2024-09-10 22:12:22,267 [WARN] PackLoader:242 - Cannot read IP mode file for STMicroelectronics.X-CUBE-ISPU.2.0.0
2024-09-10 22:12:22,275 [WARN] PackLoader:242 - Cannot read IP mode file for STMicroelectronics.X-CUBE-ALS.1.0.2
2024-09-10 22:12:22,380 [WARN] PackLoader:242 - Cannot read IP mode file for STMicroelectronics.X-CUBE-MEMS1.10.0.0
2024-09-10 22:12:22,592 [WARN] PackLoader:242 - Cannot read IP mode file for STMicroelectronics.X-CUBE-TOUCHGFX.4.24.0
2024-09-10 22:12:22,599 [WARN] PackLoader:242 - Cannot read IP mode file for portGmbH.I-Cube-SoM-uGOAL.1.1.0
2024-09-10 22:12:22,604 [WARN] PackLoader:242 - Cannot read IP mode file for STMicroelectronics.X-CUBE-ALS.1.0.1
2024-09-10 22:12:22,629 [WARN] PackLoader:242 - Cannot read IP mode file for STMicroelectronics.X-CUBE-AZRTOS-H7RS.1.0.0
2024-09-10 22:12:22,637 [WARN] PackLoader:242 - Cannot read IP mode file for STMicroelectronics.FP-ATR-ASTRA1.2.0.0
2024-09-10 22:12:22,645 [ERROR] Engine:467 - C:\Users\User\.stm32cubemx\thirdparties\pdsc\STMicroelectronics.X-CUBE-TOF1.3.4.2.pdsc: PDSC version is not supported
2024-09-10 22:12:22,659 [WARN] PackLoader:242 - Cannot read IP mode file for STMicroelectronics.X-CUBE-TOF1.3.4.1
2024-09-10 22:12:22,720 [WARN] PackLoader:242 - Cannot read IP mode file for STMicroelectronics.X-CUBE-AZRTOS-H7.3.2.0
2024-09-10 22:12:22,743 [WARN] PackLoader:242 - Cannot read IP mode file for Infineon.AIROC-Wi-Fi-Bluetooth-STM32.1.6.0
2024-09-10 22:12:22,769 [WARN] PackLoader:242 - Cannot read IP mode file for wolfSSL.I-CUBE-wolfSSH.1.4.17
2024-09-10 22:12:22,769 [INFO] ThirdParty:929 - Integrity check success = true
2024-09-10 22:12:22,770 [INFO] IntegrityCheckThread:98 - exiting critical section [integrity check]
2024-09-10 22:12:22,770 [INFO] IntegrityCheckThread:101 - End integrity checks thread
2024-09-10 22:12:25,079 [INFO] ApiDb:239 - Found 138 in-development CPN: [B-WB1M-WPAN1, NUCLEO-C031C6, STEVAL-STWINBX1, STM320518-EVAL, STM32C0116-DK, STM32C011D6Y3TR, STM32C011D6Y6TR, STM32C011F4P3, STM32C011F4P6, STM32C011F4U3, STM32C011F4U6TR, STM32C011F6P3, STM32C011F6P6, STM32C011F6U3, STM32C011F6U6TR, STM32C011J4M3, STM32C011J4M6, STM32C011J6M3, STM32C011J6M6, STM32C0316-DK, STM32C031C4T3, STM32C031C4T6, STM32C031C4U3, STM32C031C4U6, STM32C031C6T3, STM32C031C6T6, STM32C031C6U3, STM32C031C6U6, STM32C031F4P3, STM32C031F4P6, STM32C031F6P3, STM32C031F6P6, STM32C031G4U3, STM32C031G4U6, STM32C031G6U3, STM32C031G6U6, STM32C031K4T3, STM32C031K4T6, STM32C031K4U3, STM32C031K4U6, STM32C031K6T3, STM32C031K6T6, STM32C031K6U3, STM32C031K6U6, STM32G071K8TXN, STM32G071K8UXN, STM32G081GBU6N, STM32G081KBT6N, STM32G081KBUXN, STM32G0B1CCT6N, STM32G0B1KCT6, STM32G0B1NEY6TR, STM32G0B1RCT6N, STM32G0C1CCT6, STM32G0C1CCT6N, STM32G0C1CCU6N, STM32G0C1CET6N, STM32G0C1CEU6N, STM32G0C1KCT6, STM32G0C1NEY6TR, STM32G0C1RCI6N, STM32G0C1RCT6N, STM32G0C1REI6N, STM32G0C1RET6N, STM32G0C1VCI6, STM32G0C1VEI6, STM32G471CCT6, STM32G471CCU6, STM32G471CET3, STM32G471CET6, STM32G471CEU3, STM32G471CEU6, STM32G471MCT6, STM32G471MET3, STM32G471MET6, STM32G471MEY6TR, STM32G471QCT6, STM32G471QET3, STM32G471RCT6, STM32G471RET3, STM32G471RET6, STM32G471VCH6, STM32G471VCI6, STM32G471VCT6, STM32G471VEH3, STM32G471VEH6, STM32G471VEI3, STM32G471VEI6, STM32G471VET3, STM32G471VET6, STM32G474CCT6, STM32L476VGY6PTR, STM32L4R5QGI6STR, STM32MP131AAE3, STM32MP131AAF3, STM32MP131AAG3, STM32MP131CAE3, STM32MP131CAF3, STM32MP131CAG3, STM32MP131DAE7, STM32MP131DAF7, STM32MP131DAG7, STM32MP131FAE7, STM32MP131FAF7, STM32MP131FAG7, STM32MP133AAE3, STM32MP133AAF3, STM32MP133AAG3, STM32MP133CAE3, STM32MP133CAF3, STM32MP133CAG3, STM32MP133DAE7, STM32MP133DAF7, STM32MP133DAG7, STM32MP133FAE7, STM32MP133FAF7, STM32MP133FAG7, STM32MP135AAE3, STM32MP135AAF3, STM32MP135AAG3, STM32MP135CAE3, STM32MP135CAF3, STM32MP135CAG3, STM32MP135DAE7, STM32MP135DAF7, STM32MP135DAG7, STM32MP135F-DK, STM32MP135FAE7, STM32MP135FAF7, STM32MP135FAG7, STM32U595ZJT6Q, STM32U599BJY6QTR, STM32U599NIH6Q, STM32U599NJH6Q, STM32U5A5ZJT6Q, STM32U5A9BJY6QTR, STM32U5A9NJH6Q, STM32WB1MMCH6]
2024-09-10 22:12:25,085 [INFO] DbMcus:215 - Found 4177 MCUs, 4177 are supported
2024-09-10 22:12:25,092 [INFO] ApiDb:418 - Load user favorites file C:\Users\User/.stm32cubeide/favorites.mcus.txt: 0 item(s)
2024-09-10 22:12:25,093 [INFO] ApiDb:422 - User favorites MCUs=[]
2024-09-10 22:12:25,093 [INFO] DbMcus:221 - Set 0 / 0 favorites MCUs
2024-09-10 22:12:27,803 [INFO] LoadUrlFilesThread:177 - End of LoadServerUrlFiles without Thread
2024-09-10 22:12:27,853 [INFO] DetailPanel:339 - Set advertising image to C:/Users/User/STM32Cube/Repository/\en.prom-stm32h7rs-mcu-finder.jpg
2024-09-10 22:12:29,442 [INFO] MultiScanPanel:778 - Auto Refresh Data is not needed
2024-09-10 22:12:29,464 [INFO] ApiDb:663 - CubeFinder database Data Model version=2.1
2024-09-10 22:12:29,464 [INFO] ApiDb:664 - CubeFinder database Configuration version=3.0.39
2024-09-10 22:12:29,464 [INFO] ApiDb:665 - CubeFinder database generation date=2024-08-06 (1722941618)
2024-09-10 22:12:29,464 [INFO] ApiDb:666 - CubeFinder database FW Pack versions=[FP-ATR-ASTRA1_V2.0.0, FP-SNS-FLIGHT1_V5.0.2, FP-SNS-MOTENV1_V5.0.0, FP-SNS-MOTENVWB1_V1.4.0, FP-SNS-SMARTAG2_V1.2.0, FP-SNS-STBOX1_V2.0.0, STM32Cube_FW_C0_V1.2.0, STM32Cube_FW_F4_V1.28.0, STM32Cube_FW_F7_V1.17.2, STM32Cube_FW_G0_V1.6.2, STM32Cube_FW_G4_V1.6.0, STM32Cube_FW_H5_V1.3.0, STM32Cube_FW_H7RS_V1.1.0, STM32Cube_FW_H7_V1.11.2, STM32Cube_FW_L0_V1.12.2, STM32Cube_FW_L5_V1.5.1, STM32Cube_FW_U0_V1.1.0, STM32Cube_FW_U5_V1.6.0, STM32Cube_FW_WB0_V1.0.0, STM32Cube_FW_WBA_V1.4.1, STM32Cube_FW_WB_V1.20.0, STM32Cube_FW_WL_V1.3.0, X-CUBE-ALGOBUILD_V1.4.0, X-CUBE-ALS_V1.0.2, X-CUBE-AZRTOS-F4_V1.1.0, X-CUBE-AZRTOS-F7_V1.1.0, X-CUBE-AZRTOS-G0_V1.1.0, X-CUBE-AZRTOS-G4_V2.0.0, X-CUBE-AZRTOS-H7RS_V1.0.0, X-CUBE-AZRTOS-H7_V3.2.0, X-CUBE-AZRTOS-L4_V2.0.0, X-CUBE-AZRTOS-L5_V1.1.0, X-CUBE-AZRTOS-WB_V2.0.0, X-CUBE-AZRTOS-WL_V2.0.0, X-CUBE-BLE1_V7.0.0, X-CUBE-BLE2_V3.3.0, X-CUBE-BLEMGR_V3.1.0, X-CUBE-EEPRMA1_V5.1.0, X-CUBE-FREERTOS_V1.2.0, X-CUBE-GNSS1_V6.0.0, X-CUBE-MEMS1_V10.0.0, X-CUBE-NFC4_V3.0.0, X-CUBE-NFC7_V1.0.1, X-CUBE-SFXS2LP1_V4.0.0, X-CUBE-SUBG2_V5.0.0, X-CUBE-TOF1_V3.4.2]
2024-09-10 22:12:29,616 [INFO] DbBoardsSqlite:227 - include board P-NUCLEO-WB55-NUCLEO as a kit item of type 'Nucleo-64'
2024-09-10 22:12:29,616 [INFO] DbBoardsSqlite:227 - include board P-NUCLEO-WB55-USBDONGLE as a kit item of type 'Nucleo USB Dongle'
2024-09-10 22:12:29,617 [INFO] DbBoardsSqlite:227 - include board STEVAL-IDP005V1 as a kit item of type 'Evaluation Board'
2024-09-10 22:12:29,618 [INFO] DbBoardsSqlite:227 - include board STEVAL-IDP005V2 as a kit item of type 'Evaluation Board'
2024-09-10 22:12:29,742 [INFO] ApiDb:239 - Found 138 in-development CPN: [B-WB1M-WPAN1, NUCLEO-C031C6, STEVAL-STWINBX1, STM320518-EVAL, STM32C0116-DK, STM32C011D6Y3TR, STM32C011D6Y6TR, STM32C011F4P3, STM32C011F4P6, STM32C011F4U3, STM32C011F4U6TR, STM32C011F6P3, STM32C011F6P6, STM32C011F6U3, STM32C011F6U6TR, STM32C011J4M3, STM32C011J4M6, STM32C011J6M3, STM32C011J6M6, STM32C0316-DK, STM32C031C4T3, STM32C031C4T6, STM32C031C4U3, STM32C031C4U6, STM32C031C6T3, STM32C031C6T6, STM32C031C6U3, STM32C031C6U6, STM32C031F4P3, STM32C031F4P6, STM32C031F6P3, STM32C031F6P6, STM32C031G4U3, STM32C031G4U6, STM32C031G6U3, STM32C031G6U6, STM32C031K4T3, STM32C031K4T6, STM32C031K4U3, STM32C031K4U6, STM32C031K6T3, STM32C031K6T6, STM32C031K6U3, STM32C031K6U6, STM32G071K8TXN, STM32G071K8UXN, STM32G081GBU6N, STM32G081KBT6N, STM32G081KBUXN, STM32G0B1CCT6N, STM32G0B1KCT6, STM32G0B1NEY6TR, STM32G0B1RCT6N, STM32G0C1CCT6, STM32G0C1CCT6N, STM32G0C1CCU6N, STM32G0C1CET6N, STM32G0C1CEU6N, STM32G0C1KCT6, STM32G0C1NEY6TR, STM32G0C1RCI6N, STM32G0C1RCT6N, STM32G0C1REI6N, STM32G0C1RET6N, STM32G0C1VCI6, STM32G0C1VEI6, STM32G471CCT6, STM32G471CCU6, STM32G471CET3, STM32G471CET6, STM32G471CEU3, STM32G471CEU6, STM32G471MCT6, STM32G471MET3, STM32G471MET6, STM32G471MEY6TR, STM32G471QCT6, STM32G471QET3, STM32G471RCT6, STM32G471RET3, STM32G471RET6, STM32G471VCH6, STM32G471VCI6, STM32G471VCT6, STM32G471VEH3, STM32G471VEH6, STM32G471VEI3, STM32G471VEI6, STM32G471VET3, STM32G471VET6, STM32G474CCT6, STM32L476VGY6PTR, STM32L4R5QGI6STR, STM32MP131AAE3, STM32MP131AAF3, STM32MP131AAG3, STM32MP131CAE3, STM32MP131CAF3, STM32MP131CAG3, STM32MP131DAE7, STM32MP131DAF7, STM32MP131DAG7, STM32MP131FAE7, STM32MP131FAF7, STM32MP131FAG7, STM32MP133AAE3, STM32MP133AAF3, STM32MP133AAG3, STM32MP133CAE3, STM32MP133CAF3, STM32MP133CAG3, STM32MP133DAE7, STM32MP133DAF7, STM32MP133DAG7, STM32MP133FAE7, STM32MP133FAF7, STM32MP133FAG7, STM32MP135AAE3, STM32MP135AAF3, STM32MP135AAG3, STM32MP135CAE3, STM32MP135CAF3, STM32MP135CAG3, STM32MP135DAE7, STM32MP135DAF7, STM32MP135DAG7, STM32MP135F-DK, STM32MP135FAE7, STM32MP135FAF7, STM32MP135FAG7, STM32U595ZJT6Q, STM32U599BJY6QTR, STM32U599NIH6Q, STM32U599NJH6Q, STM32U5A5ZJT6Q, STM32U5A9BJY6QTR, STM32U5A9NJH6Q, STM32WB1MMCH6]
2024-09-10 22:12:29,760 [INFO] BoardInfo:879 - No configuration file found for board B-G473E-ZEST1S
2024-09-10 22:12:29,761 [INFO] DbBoards:156 - Board is not supported: B-G473E-ZEST1S
2024-09-10 22:12:29,783 [INFO] BoardInfo:879 - No configuration file found for board B-WL5M-SUBG1
2024-09-10 22:12:29,783 [INFO] DbBoards:156 - Board is not supported: B-WL5M-SUBG1
2024-09-10 22:12:29,870 [INFO] BoardInfo:879 - No configuration file found for board NUCLEO-H503RB
2024-09-10 22:12:29,870 [INFO] DbBoards:156 - Board is not supported: NUCLEO-H503RB
2024-09-10 22:12:29,874 [INFO] BoardInfo:879 - No configuration file found for board NUCLEO-H533RE
2024-09-10 22:12:29,874 [INFO] DbBoards:156 - Board is not supported: NUCLEO-H533RE
2024-09-10 22:12:29,876 [INFO] BoardInfo:879 - No configuration file found for board NUCLEO-H563ZI
2024-09-10 22:12:29,877 [INFO] DbBoards:156 - Board is not supported: NUCLEO-H563ZI
2024-09-10 22:12:29,892 [INFO] BoardInfo:879 - No configuration file found for board NUCLEO-H7S3L8
2024-09-10 22:12:29,893 [INFO] DbBoards:156 - Board is not supported: NUCLEO-H7S3L8
2024-09-10 22:12:29,934 [INFO] BoardInfo:879 - No configuration file found for board NUCLEO-U031R8
2024-09-10 22:12:29,934 [INFO] DbBoards:156 - Board is not supported: NUCLEO-U031R8
2024-09-10 22:12:29,936 [INFO] BoardInfo:879 - No configuration file found for board NUCLEO-U083RC
2024-09-10 22:12:29,937 [INFO] DbBoards:156 - Board is not supported: NUCLEO-U083RC
2024-09-10 22:12:29,940 [INFO] BoardInfo:879 - No configuration file found for board NUCLEO-U545RE-Q
2024-09-10 22:12:29,940 [INFO] DbBoards:156 - Board is not supported: NUCLEO-U545RE-Q
2024-09-10 22:12:29,944 [INFO] BoardInfo:879 - No configuration file found for board NUCLEO-U5A5ZJ-Q
2024-09-10 22:12:29,944 [INFO] DbBoards:156 - Board is not supported: NUCLEO-U5A5ZJ-Q
2024-09-10 22:12:29,946 [INFO] BoardInfo:879 - No configuration file found for board NUCLEO-WB05KZ
2024-09-10 22:12:29,947 [INFO] DbBoards:156 - Board is not supported: NUCLEO-WB05KZ
2024-09-10 22:12:29,949 [INFO] BoardInfo:879 - No configuration file found for board NUCLEO-WB07CC
2024-09-10 22:12:29,949 [INFO] DbBoards:156 - Board is not supported: NUCLEO-WB07CC
2024-09-10 22:12:29,951 [INFO] BoardInfo:879 - No configuration file found for board NUCLEO-WB09KE
2024-09-10 22:12:29,952 [INFO] DbBoards:156 - Board is not supported: NUCLEO-WB09KE
2024-09-10 22:12:29,958 [INFO] BoardInfo:879 - No configuration file found for board NUCLEO-WBA52CG
2024-09-10 22:12:29,959 [INFO] DbBoards:156 - Board is not supported: NUCLEO-WBA52CG
2024-09-10 22:12:29,961 [INFO] BoardInfo:879 - No configuration file found for board NUCLEO-WBA55CG
2024-09-10 22:12:29,961 [INFO] DbBoards:156 - Board is not supported: NUCLEO-WBA55CG
2024-09-10 22:12:29,979 [INFO] BoardInfo:879 - No configuration file found for board P-NUCLEO-WB55
2024-09-10 22:12:29,980 [INFO] DbBoards:156 - Kit is not supported: P-NUCLEO-WB55
2024-09-10 22:12:29,990 [INFO] BoardInfo:879 - No configuration file found for board STEVAL-BFA001V1B
2024-09-10 22:12:29,991 [INFO] DbBoards:156 - Kit is not supported: STEVAL-BFA001V1B
2024-09-10 22:12:29,993 [INFO] BoardInfo:879 - No configuration file found for board STEVAL-BFA001V2B
2024-09-10 22:12:29,994 [INFO] DbBoards:156 - Kit is not supported: STEVAL-BFA001V2B
2024-09-10 22:12:30,002 [INFO] BoardInfo:879 - No configuration file found for board STEVAL-MKBOXPRO
2024-09-10 22:12:30,002 [INFO] DbBoards:156 - Board is not supported: STEVAL-MKBOXPRO
2024-09-10 22:12:30,007 [INFO] BoardInfo:879 - No configuration file found for board STEVAL-PROTEUS1
2024-09-10 22:12:30,007 [INFO] DbBoards:156 - Board is not supported: STEVAL-PROTEUS1
2024-09-10 22:12:30,009 [INFO] BoardInfo:879 - No configuration file found for board STEVAL-SMARTAG2
2024-09-10 22:12:30,009 [INFO] DbBoards:156 - Board is not supported: STEVAL-SMARTAG2
2024-09-10 22:12:30,116 [INFO] BoardInfo:879 - No configuration file found for board STM32H573I-DK
2024-09-10 22:12:30,117 [INFO] DbBoards:156 - Board is not supported: STM32H573I-DK
2024-09-10 22:12:30,148 [INFO] BoardInfo:879 - No configuration file found for board STM32H7S78-DK
2024-09-10 22:12:30,148 [INFO] DbBoards:156 - Board is not supported: STM32H7S78-DK
2024-09-10 22:12:30,192 [INFO] BoardInfo:879 - No configuration file found for board STM32MP257F-DK
2024-09-10 22:12:30,193 [INFO] DbBoards:156 - Board is not supported: STM32MP257F-DK
2024-09-10 22:12:30,196 [INFO] BoardInfo:879 - No configuration file found for board STM32MP257F-EV1
2024-09-10 22:12:30,196 [INFO] DbBoards:156 - Board is not supported: STM32MP257F-EV1
2024-09-10 22:12:30,200 [INFO] BoardInfo:879 - No configuration file found for board STM32U083C-DK
2024-09-10 22:12:30,200 [INFO] DbBoards:156 - Board is not supported: STM32U083C-DK
2024-09-10 22:12:30,206 [INFO] BoardInfo:879 - No configuration file found for board STM32U5A9J-DK
2024-09-10 22:12:30,206 [INFO] DbBoards:156 - Board is not supported: STM32U5A9J-DK
2024-09-10 22:12:30,208 [INFO] BoardInfo:879 - No configuration file found for board STM32U5G9J-DK1
2024-09-10 22:12:30,208 [INFO] DbBoards:156 - Board is not supported: STM32U5G9J-DK1
2024-09-10 22:12:30,210 [INFO] BoardInfo:879 - No configuration file found for board STM32U5G9J-DK2
2024-09-10 22:12:30,211 [INFO] DbBoards:156 - Board is not supported: STM32U5G9J-DK2
2024-09-10 22:12:30,216 [INFO] BoardInfo:879 - No configuration file found for board STM32WBA55G-DK1
2024-09-10 22:12:30,217 [INFO] DbBoards:156 - Board is not supported: STM32WBA55G-DK1
2024-09-10 22:12:30,217 [INFO] DbBoards:160 - Found 200 boards, 170 are supported
2024-09-10 22:12:30,238 [INFO] ApiDb:418 - Load user favorites file C:\Users\User/.stm32cubeide/favorites.boards.txt: 0 item(s)
2024-09-10 22:12:30,239 [INFO] ApiDb:422 - User favorites Boards=[]
2024-09-10 22:12:30,239 [INFO] DbBoards:189 - Set 0 / 0 favorites Boards
2024-09-10 22:12:34,366 [ERROR] LogOutputStream:74 - [STDERR_REDIRECT] SLF4J: Failed to load class "org.slf4j.impl.StaticLoggerBinder".
2024-09-10 22:12:34,366 [ERROR] LogOutputStream:74 - [STDERR_REDIRECT] SLF4J: Defaulting to no-operation (NOP) logger implementation
2024-09-10 22:12:34,370 [ERROR] LogOutputStream:74 - [STDERR_REDIRECT] SLF4J: See http://www.slf4j.org/codes.html#StaticLoggerBinder for further details.
2024-09-10 22:12:53,988 [INFO] MainUpdater:2768 - connection check result : 10
2024-09-10 22:12:53,990 [INFO] MainUpdater:2768 - connection check result : 10
2024-09-10 22:12:54,020 [INFO] MicroXplorer:451 - Change Database Path : 
2024-09-10 22:12:54,022 [INFO] MicroXplorer:481 - Change Database Version : DB.6.0.60
2024-09-10 22:12:54,026 [WARN] ThirdParty:827 - waiting for thirdparty lock release [close project]
2024-09-10 22:12:54,026 [INFO] ThirdParty:829 - entering critical section [close project]
2024-09-10 22:12:54,027 [INFO] ThirdParty:839 - exiting critical section [close project]
2024-09-10 22:12:54,077 [INFO] PinOutPanel:1468 - setPackage(No Configuration,No Configuration)
2024-09-10 22:12:54,086 [INFO] UtilMem:74 - Begin LoadConfig() Used Memory: 459278336 Bytes (664797184)
2024-09-10 22:12:54,088 [INFO] MicroXplorer:451 - Change Database Path : 
2024-09-10 22:12:54,088 [INFO] MicroXplorer:481 - Change Database Version : DB.6.0.60
2024-09-10 22:12:54,090 [INFO] OpenFileManager:307 - Change cursor
2024-09-10 22:12:54,213 [INFO] Mcu:1922 - Initializing MCU STM32F103C6Tx STM32F103C6Tx 
2024-09-10 22:12:54,224 [INFO] Mcu:1935 - No CPN specified => set CPN to STM32F103C6T6A
2024-09-10 22:12:57,595 [INFO] Context:654 - Trying to add GPIOservice into a context  which must be forbidden
2024-09-10 22:12:57,972 [INFO] ImportTextPane:193 - (OptionalMessage_ERROR) Unable to find key (Mcu.ThirdPartyNb) in loaded IOC file
2024-09-10 22:12:57,972 [INFO] ImportTextPane:193 - (OptionalMessage_ERROR) Unable to find key (Mcu.PinsNb) in loaded IOC file
2024-09-10 22:12:57,972 [INFO] ImportTextPane:193 - (OptionalMessage_ERROR) Unable to find key (Mcu.IPNb) in loaded IOC file
2024-09-10 22:12:58,077 [WARN] ApiManager:308 - Cannot register API 'Board Extension:GNSS1A1' from pack STMicroelectronics.X-CUBE-GNSS1.6.0.0: no header file found
2024-09-10 22:12:58,077 [WARN] ApiManager:308 - Cannot register API 'Board Support:Custom' from pack STMicroelectronics.X-CUBE-GNSS1.6.0.0: no header file found
2024-09-10 22:12:58,077 [WARN] ApiManager:308 - Cannot register API 'Data Exchange:lib_gnss' from pack STMicroelectronics.X-CUBE-GNSS1.6.0.0: no header file found
2024-09-10 22:12:58,106 [WARN] ApiManager:308 - Cannot register API 'Board Extension:NFC06A1' from pack STMicroelectronics.X-CUBE-NFC6.3.1.0: no header file found
2024-09-10 22:12:58,106 [WARN] ApiManager:308 - Cannot register API 'Board Extension:NFC08A1' from pack STMicroelectronics.X-CUBE-NFC6.3.1.0: no header file found
2024-09-10 22:12:58,497 [WARN] ApiManager:308 - Cannot register API 'Board Extension:IKS01A3' from pack STMicroelectronics.X-CUBE-MEMS1.11.0.0: no header file found
2024-09-10 22:12:58,497 [WARN] ApiManager:308 - Cannot register API 'Board Extension:IKS02A1' from pack STMicroelectronics.X-CUBE-MEMS1.11.0.0: no header file found
2024-09-10 22:12:58,497 [WARN] ApiManager:308 - Cannot register API 'Board Extension:IKS4A1' from pack STMicroelectronics.X-CUBE-MEMS1.11.0.0: no header file found
2024-09-10 22:12:58,515 [INFO] RtosManager:488 - Registered RTOS mode: class=CMSIS, group=RTOS, mode=CMSIS_V1, owner=FREERTOS
2024-09-10 22:12:58,515 [INFO] RtosManager:488 - Registered RTOS mode: class=CMSIS, group=RTOS2, mode=CMSIS_V2, owner=FREERTOS
2024-09-10 22:12:58,516 [INFO] RtosManager:488 - Registered RTOS mode: class=RTOS, group=Core, mode=CMSIS_V1, owner=FREERTOS
2024-09-10 22:12:58,516 [INFO] RtosManager:488 - Registered RTOS mode: class=RTOS, group=Core, mode=CMSIS_V2, owner=FREERTOS
2024-09-10 22:12:58,516 [WARN] ModelIntegratedComponent:185 - Missing modes for component STMicroelectronics:FreeRTOS:0.0.1:STMicroelectronics:RTOS:FreeRTOS:Core:::10.2.0:
2024-09-10 22:12:58,519 [WARN] ApiManager:308 - Cannot register API 'Board Extension:STSAFEA1' from pack STMicroelectronics.X-CUBE-SAFEA1.1.2.2: no header file found
2024-09-10 22:12:58,520 [WARN] ApiManager:308 - Cannot register API 'Board Part:STSAFEA110' from pack STMicroelectronics.X-CUBE-SAFEA1.1.2.2: no header file found
2024-09-10 22:12:58,520 [WARN] ApiManager:308 - Cannot register API 'Security:ST_Cryptolib' from pack STMicroelectronics.X-CUBE-SAFEA1.1.2.2: no header file found
2024-09-10 22:12:58,520 [WARN] ApiManager:308 - Cannot register API 'Security:MbedTLS' from pack STMicroelectronics.X-CUBE-SAFEA1.1.2.2: no header file found
2024-09-10 22:12:58,522 [WARN] ApiManager:308 - Cannot register API 'Board Extension:NFC04A1' from pack STMicroelectronics.X-CUBE-NFC4.3.0.0: no header file found
2024-09-10 22:12:58,530 [WARN] ApiManager:308 - Cannot register API 'Board Extension:S2868A1' from pack STMicroelectronics.X-CUBE-SUBG2.5.0.0: no header file found
2024-09-10 22:12:58,530 [WARN] ApiManager:308 - Cannot register API 'Board Extension:S2868A2' from pack STMicroelectronics.X-CUBE-SUBG2.5.0.0: no header file found
2024-09-10 22:12:58,530 [WARN] ApiManager:308 - Cannot register API 'Board Extension:S2915A1' from pack STMicroelectronics.X-CUBE-SUBG2.5.0.0: no header file found
2024-09-10 22:12:58,537 [WARN] ApiManager:308 - Cannot register API 'Wireless:BlueNRG-MS' from pack STMicroelectronics.X-CUBE-BLE1.7.0.0: no header file found
2024-09-10 22:12:58,541 [WARN] ApiManager:308 - Cannot register API 'Board Extension:EEPRMA2' from pack STMicroelectronics.X-CUBE-EEPRMA1.5.1.0: no header file found
2024-09-10 22:12:58,541 [WARN] ApiManager:308 - Cannot register API 'Board Extension:PGEEZ1' from pack STMicroelectronics.X-CUBE-EEPRMA1.5.1.0: no header file found
2024-09-10 22:12:58,541 [WARN] ApiManager:308 - Cannot register API 'Board Extension:EEICA1' from pack STMicroelectronics.X-CUBE-EEPRMA1.5.1.0: no header file found
2024-09-10 22:12:58,541 [WARN] ApiManager:308 - Cannot register API 'Board Part:M24' from pack STMicroelectronics.X-CUBE-EEPRMA1.5.1.0: no header file found
2024-09-10 22:12:58,542 [WARN] ApiManager:308 - Cannot register API 'Board Part:M95' from pack STMicroelectronics.X-CUBE-EEPRMA1.5.1.0: no header file found
2024-09-10 22:12:58,542 [WARN] ApiManager:308 - Cannot register API 'Board Part:M95P32' from pack STMicroelectronics.X-CUBE-EEPRMA1.5.1.0: no header file found
2024-09-10 22:12:58,542 [WARN] ApiManager:308 - Cannot register API 'Board Part:M24256E-F' from pack STMicroelectronics.X-CUBE-EEPRMA1.5.1.0: no header file found
2024-09-10 22:12:58,542 [WARN] ApiManager:308 - Cannot register API 'Board Part:M24M01E-F' from pack STMicroelectronics.X-CUBE-EEPRMA1.5.1.0: no header file found
2024-09-10 22:12:58,542 [WARN] ApiManager:308 - Cannot register API 'PGEEZ1:SPI' from pack STMicroelectronics.X-CUBE-EEPRMA1.5.1.0: no header file found
2024-09-10 22:12:58,542 [WARN] ApiManager:308 - Cannot register API 'PGEEZ1:QDSPI' from pack STMicroelectronics.X-CUBE-EEPRMA1.5.1.0: no header file found
2024-09-10 22:12:58,545 [WARN] ModelIntegratedComponent:64 - No mode defined for component null
2024-09-10 22:12:58,545 [WARN] ModelIntegratedComponent:64 - No mode defined for component null
2024-09-10 22:12:58,546 [WARN] ModelIntegratedComponent:64 - No mode defined for component null
2024-09-10 22:12:58,546 [WARN] ModelIntegratedComponent:64 - No mode defined for component null
2024-09-10 22:12:58,546 [WARN] ModelIntegratedComponent:64 - No mode defined for component null
2024-09-10 22:12:58,546 [WARN] ModelIntegratedComponent:64 - No mode defined for component null
2024-09-10 22:12:58,546 [WARN] ModelIntegratedComponent:64 - No mode defined for component null
2024-09-10 22:12:58,546 [WARN] ModelIntegratedComponent:64 - No mode defined for component null
2024-09-10 22:12:58,546 [WARN] ModelIntegratedComponent:64 - No mode defined for component null
2024-09-10 22:12:58,546 [WARN] ModelIntegratedComponent:64 - No mode defined for component null
2024-09-10 22:12:58,546 [WARN] ModelIntegratedComponent:64 - No mode defined for component null
2024-09-10 22:12:58,546 [WARN] ModelIntegratedComponent:64 - No mode defined for component null
2024-09-10 22:12:58,547 [WARN] ModelIntegratedComponent:64 - No mode defined for component null
2024-09-10 22:12:58,547 [WARN] ModelIntegratedComponent:64 - No mode defined for component null
2024-09-10 22:12:58,547 [WARN] ModelIntegratedComponent:64 - No mode defined for component null
2024-09-10 22:12:58,547 [WARN] ModelIntegratedComponent:64 - No mode defined for component null
2024-09-10 22:12:58,547 [WARN] ModelIntegratedComponent:64 - No mode defined for component null
2024-09-10 22:12:58,547 [WARN] ModelIntegratedComponent:64 - No mode defined for component null
2024-09-10 22:12:58,547 [WARN] ModelIntegratedComponent:64 - No mode defined for component null
2024-09-10 22:12:58,547 [WARN] ModelIntegratedComponent:64 - No mode defined for component null
2024-09-10 22:12:58,548 [WARN] ModelIntegratedComponent:64 - No mode defined for component null
2024-09-10 22:12:58,548 [WARN] ModelIntegratedComponent:64 - No mode defined for component null
2024-09-10 22:12:58,548 [WARN] ModelIntegratedComponent:64 - No mode defined for component null
2024-09-10 22:12:58,548 [WARN] ModelIntegratedComponent:64 - No mode defined for component null
2024-09-10 22:12:58,548 [WARN] ModelIntegratedComponent:64 - No mode defined for component null
2024-09-10 22:12:58,548 [WARN] ModelIntegratedComponent:64 - No mode defined for component null
2024-09-10 22:12:58,548 [WARN] ModelIntegratedComponent:64 - No mode defined for component null
2024-09-10 22:12:58,548 [WARN] ModelIntegratedComponent:64 - No mode defined for component null
2024-09-10 22:12:58,548 [WARN] ModelIntegratedComponent:64 - No mode defined for component null
2024-09-10 22:12:58,548 [WARN] ModelIntegratedComponent:64 - No mode defined for component null
2024-09-10 22:12:58,549 [WARN] ModelIntegratedComponent:64 - No mode defined for component null
2024-09-10 22:12:58,549 [WARN] ModelIntegratedComponent:64 - No mode defined for component null
2024-09-10 22:12:58,549 [WARN] ModelIntegratedComponent:64 - No mode defined for component null
2024-09-10 22:12:58,998 [WARN] ApiManager:308 - Cannot register API 'Board Extension:IKS01A3' from pack STMicroelectronics.X-CUBE-MEMS1.10.0.0: no header file found
2024-09-10 22:12:58,998 [WARN] ApiManager:308 - Cannot register API 'Board Extension:IKS02A1' from pack STMicroelectronics.X-CUBE-MEMS1.10.0.0: no header file found
2024-09-10 22:12:58,998 [WARN] ApiManager:308 - Cannot register API 'Board Extension:IKS4A1' from pack STMicroelectronics.X-CUBE-MEMS1.10.0.0: no header file found
2024-09-10 22:12:59,010 [WARN] ApiManager:308 - Cannot register API 'Board Extension:NFC07A1' from pack STMicroelectronics.X-CUBE-NFC7.1.0.1: no header file found
2024-09-10 22:12:59,034 [WARN] ApiManager:308 - Cannot register API 'Board Extension:S2868A1' from pack STMicroelectronics.X-CUBE-SFXS2LP1.4.0.0: no header file found
2024-09-10 22:12:59,034 [WARN] ApiManager:308 - Cannot register API 'Board Extension:S2868A2' from pack STMicroelectronics.X-CUBE-SFXS2LP1.4.0.0: no header file found
2024-09-10 22:12:59,034 [WARN] ApiManager:308 - Cannot register API 'Board Extension:S2915A1' from pack STMicroelectronics.X-CUBE-SFXS2LP1.4.0.0: no header file found
2024-09-10 22:12:59,035 [WARN] ApiManager:308 - Cannot register API 'Wireless:BlueNRG-2' from pack STMicroelectronics.X-CUBE-BLE2.3.3.0: no header file found
2024-09-10 22:12:59,075 [INFO] ThirdPartyModel:289 - Start build external matchings
2024-09-10 22:13:00,606 [INFO] ThirdPartyModel:302 - End build external matchings
2024-09-10 22:13:00,982 [INFO] UtilMem:74 - End LoadConfig() Used Memory: 391919784 Bytes (664797184)
2024-09-10 22:13:01,001 [WARN] ThirdParty:789 - waiting for thirdparty lock release [change project]
2024-09-10 22:13:01,002 [INFO] ThirdParty:791 - entering critical section [change project]
2024-09-10 22:13:01,008 [INFO] ThirdParty:981 - CMSIS Pack Vendor :STMicroelectronics X-CUBE-AZRTOS-H7 3.3.0
2024-09-10 22:13:01,008 [INFO] ThirdParty:981 - CMSIS Pack Vendor :STMicroelectronics X-CUBE-GNSS1 6.0.0
2024-09-10 22:13:01,008 [INFO] ThirdParty:981 - CMSIS Pack Vendor :STMicroelectronics USB_HOST 2.0.0
2024-09-10 22:13:01,008 [INFO] ThirdParty:981 - CMSIS Pack Vendor :STMicroelectronics FP-SNS-MOTENVWB1 1.4.0
2024-09-10 22:13:01,008 [INFO] ThirdParty:981 - CMSIS Pack Vendor :STMicroelectronics X-CUBE-AZRTOS-F4 1.1.0
2024-09-10 22:13:01,009 [INFO] ThirdParty:981 - CMSIS Pack Vendor :STMicroelectronics LIBJPEG 8.0.0
2024-09-10 22:13:01,009 [INFO] ThirdParty:981 - CMSIS Pack Vendor :STMicroelectronics X-CUBE-SMBUS 2.1.0
2024-09-10 22:13:01,009 [INFO] ThirdParty:981 - CMSIS Pack Vendor :STMicroelectronics USB_DEVICE 3.0.0
2024-09-10 22:13:01,009 [INFO] ThirdParty:981 - CMSIS Pack Vendor :STMicroelectronics X-CUBE-TCPP 4.1.0
2024-09-10 22:13:01,009 [INFO] ThirdParty:981 - CMSIS Pack Vendor :STMicroelectronics X-CUBE-FREERTOS 1.2.0
2024-09-10 22:13:01,009 [INFO] ThirdParty:981 - CMSIS Pack Vendor :STMicroelectronics X-CUBE-AZRTOS-WB 2.0.0
2024-09-10 22:13:01,009 [INFO] ThirdParty:981 - CMSIS Pack Vendor :STMicroelectronics X-CUBE-TOUCHGFX 4.23.2
2024-09-10 22:13:01,010 [INFO] ThirdParty:981 - CMSIS Pack Vendor :STMicroelectronics X-CUBE-AZRTOS-F7 1.1.0
2024-09-10 22:13:01,010 [INFO] ThirdParty:981 - CMSIS Pack Vendor :STMicroelectronics X-CUBE-AZRTOS-L5 2.0.0
2024-09-10 22:13:01,011 [INFO] ThirdParty:981 - CMSIS Pack Vendor :STMicroelectronics USB_DEVICE 2.0.0
2024-09-10 22:13:01,011 [INFO] ThirdParty:981 - CMSIS Pack Vendor :STMicroelectronics X-CUBE-NFC6 3.1.0
2024-09-10 22:13:01,011 [INFO] ThirdParty:981 - CMSIS Pack Vendor :STMicroelectronics X-CUBE-ALGOBUILD 1.3.0
2024-09-10 22:13:01,011 [INFO] ThirdParty:981 - CMSIS Pack Vendor :STMicroelectronics X-CUBE-MEMS1 11.0.0
2024-09-10 22:13:01,011 [INFO] ThirdParty:981 - CMSIS Pack Vendor :STMicroelectronics FreeRTOS 0.0.1
2024-09-10 22:13:01,011 [INFO] ThirdParty:981 - CMSIS Pack Vendor :STMicroelectronics X-CUBE-AZRTOS-G0 1.1.0
2024-09-10 22:13:01,011 [INFO] ThirdParty:981 - CMSIS Pack Vendor :STMicroelectronics X-CUBE-SAFEA1 1.2.2
2024-09-10 22:13:01,012 [INFO] ThirdParty:981 - CMSIS Pack Vendor :STMicroelectronics X-CUBE-NFC4 3.0.0
2024-09-10 22:13:01,012 [INFO] ThirdParty:981 - CMSIS Pack Vendor :STMicroelectronics X-CUBE-SUBG2 5.0.0
2024-09-10 22:13:01,012 [INFO] ThirdParty:981 - CMSIS Pack Vendor :STMicroelectronics STM32_WPAN 1.0.0
2024-09-10 22:13:01,012 [INFO] ThirdParty:981 - CMSIS Pack Vendor :wolfSSL I-CUBE-wolfMQTT 1.18.0
2024-09-10 22:13:01,012 [INFO] ThirdParty:981 - CMSIS Pack Vendor :STMicroelectronics lwIP 2.0.3
2024-09-10 22:13:01,013 [INFO] ThirdParty:981 - CMSIS Pack Vendor :STMicroelectronics FP-SNS-FLIGHT1 5.0.2
2024-09-10 22:13:01,013 [INFO] ThirdParty:981 - CMSIS Pack Vendor :STMicroelectronics USB_HOST 1.0.0
2024-09-10 22:13:01,013 [INFO] ThirdParty:981 - CMSIS Pack Vendor :STMicroelectronics X-CUBE-AI 9.0.0
2024-09-10 22:13:01,013 [INFO] ThirdParty:981 - CMSIS Pack Vendor :STMicroelectronics X-CUBE-AZRTOS-G4 2.0.0
2024-09-10 22:13:01,013 [INFO] ThirdParty:981 - CMSIS Pack Vendor :STMicroelectronics PDM2PCM 3.1.0
2024-09-10 22:13:01,013 [INFO] ThirdParty:981 - CMSIS Pack Vendor :STMicroelectronics PDM2PCM 3.3.0
2024-09-10 22:13:01,013 [INFO] ThirdParty:981 - CMSIS Pack Vendor :STMicroelectronics X-CUBE-DISPLAY 3.0.0
2024-09-10 22:13:01,013 [INFO] ThirdParty:981 - CMSIS Pack Vendor :wolfSSL I-CUBE-wolfSSL 5.7.0
2024-09-10 22:13:01,013 [INFO] ThirdParty:981 - CMSIS Pack Vendor :STMicroelectronics X-CUBE-BLE1 7.0.0
2024-09-10 22:13:01,013 [INFO] ThirdParty:981 - CMSIS Pack Vendor :STMicroelectronics FP-ATR-SIGFOX1 3.2.0
2024-09-10 22:13:01,014 [INFO] ThirdParty:981 - CMSIS Pack Vendor :STMicroelectronics X-CUBE-ISPU 2.0.0
2024-09-10 22:13:01,014 [INFO] ThirdParty:981 - CMSIS Pack Vendor :STMicroelectronics X-CUBE-EEPRMA1 5.1.0
2024-09-10 22:13:01,014 [INFO] ThirdParty:981 - CMSIS Pack Vendor :STMicroelectronics HAL Drivers 0.0.0
2024-09-10 22:13:01,014 [INFO] ThirdParty:981 - CMSIS Pack Vendor :STMicroelectronics MBEDTLS 2.16.2
2024-09-10 22:13:01,014 [INFO] ThirdParty:981 - CMSIS Pack Vendor :STMicroelectronics X-CUBE-ALS 1.0.2
2024-09-10 22:13:01,014 [INFO] ThirdParty:981 - CMSIS Pack Vendor :emotas I-CUBE-CANOPEN 1.3.0
2024-09-10 22:13:01,014 [INFO] ThirdParty:981 - CMSIS Pack Vendor :STMicroelectronics X-CUBE-MEMS1 10.0.0
2024-09-10 22:13:01,014 [INFO] ThirdParty:981 - CMSIS Pack Vendor :STMicroelectronics X-CUBE-NFC7 1.0.1
2024-09-10 22:13:01,014 [INFO] ThirdParty:981 - CMSIS Pack Vendor :STMicroelectronics MBEDTLS 2.14.1
2024-09-10 22:13:01,014 [INFO] ThirdParty:981 - CMSIS Pack Vendor :STMicroelectronics X-CUBE-TOUCHGFX 4.24.0
2024-09-10 22:13:01,014 [INFO] ThirdParty:981 - CMSIS Pack Vendor :ITTIA_DB I-CUBE-ITTIADB 8.9.0
2024-09-10 22:13:01,014 [INFO] ThirdParty:981 - CMSIS Pack Vendor :wolfSSL I-CUBE-wolfTPM 3.2.0
2024-09-10 22:13:01,014 [INFO] ThirdParty:981 - CMSIS Pack Vendor :portGmbH I-Cube-SoM-uGOAL 1.1.0
2024-09-10 22:13:01,015 [INFO] ThirdParty:981 - CMSIS Pack Vendor :STMicroelectronics X-CUBE-ALS 1.0.1
2024-09-10 22:13:01,015 [INFO] ThirdParty:981 - CMSIS Pack Vendor :STMicroelectronics X-CUBE-BLEMGR 3.1.0
2024-09-10 22:13:01,015 [INFO] ThirdParty:981 - CMSIS Pack Vendor :STMicroelectronics ThreadX 1.0.0
2024-09-10 22:13:01,015 [INFO] ThirdParty:981 - CMSIS Pack Vendor :STMicroelectronics FP-SNS-SMARTAG2 1.2.0
2024-09-10 22:13:01,015 [INFO] ThirdParty:981 - CMSIS Pack Vendor :STMicroelectronics X-CUBE-AZRTOS-WL 2.0.0
2024-09-10 22:13:01,015 [INFO] ThirdParty:981 - CMSIS Pack Vendor :SEGGER I-CUBE-embOS 1.3.1
2024-09-10 22:13:01,015 [INFO] ThirdParty:981 - CMSIS Pack Vendor :STMicroelectronics X-CUBE-ALGOBUILD 1.4.0
2024-09-10 22:13:01,015 [INFO] ThirdParty:981 - CMSIS Pack Vendor :STMicroelectronics FP-SNS-MOTENV1 5.0.0
2024-09-10 22:13:01,015 [INFO] ThirdParty:981 - CMSIS Pack Vendor :STMicroelectronics USB_DEVICE 1.0.0
2024-09-10 22:13:01,015 [INFO] ThirdParty:981 - CMSIS Pack Vendor :STMicroelectronics X-CUBE-AZRTOS-H7RS 1.0.0
2024-09-10 22:13:01,015 [INFO] ThirdParty:981 - CMSIS Pack Vendor :wolfSSL I-CUBE-wolfMQTT 1.19.0
2024-09-10 22:13:01,016 [INFO] ThirdParty:981 - CMSIS Pack Vendor :STMicroelectronics X-CUBE-AZRTOS-L4 2.0.0
2024-09-10 22:13:01,016 [INFO] ThirdParty:981 - CMSIS Pack Vendor :STMicroelectronics ThreadX 0.0.2
2024-09-10 22:13:01,016 [INFO] ThirdParty:981 - CMSIS Pack Vendor :WES I-CUBE-Cesium 1.3.0
2024-09-10 22:13:01,016 [INFO] ThirdParty:981 - CMSIS Pack Vendor :STMicroelectronics FP-ATR-ASTRA1 2.0.0
2024-09-10 22:13:01,017 [INFO] ThirdParty:981 - CMSIS Pack Vendor :STMicroelectronics lwIP 2.1.2
2024-09-10 22:13:01,017 [INFO] ThirdParty:981 - CMSIS Pack Vendor :STMicroelectronics X-CUBE-SFXS2LP1 4.0.0
2024-09-10 22:13:01,017 [INFO] ThirdParty:981 - CMSIS Pack Vendor :STMicroelectronics X-CUBE-BLE2 3.3.0
2024-09-10 22:13:01,017 [INFO] ThirdParty:981 - CMSIS Pack Vendor :STMicroelectronics X-CUBE-TOF1 3.4.1
2024-09-10 22:13:01,017 [INFO] ThirdParty:981 - CMSIS Pack Vendor :STMicroelectronics X-CUBE-AZRTOS-H7 3.2.0
2024-09-10 22:13:01,017 [INFO] ThirdParty:981 - CMSIS Pack Vendor :Infineon AIROC-Wi-Fi-Bluetooth-STM32 1.6.0
2024-09-10 22:13:01,017 [INFO] ThirdParty:981 - CMSIS Pack Vendor :STMicroelectronics PDM2PCM 3.2.0
2024-09-10 22:13:01,017 [INFO] ThirdParty:981 - CMSIS Pack Vendor :wolfSSL I-CUBE-wolfSSH 1.4.17
2024-09-10 22:13:01,018 [INFO] ThirdParty:797 - exiting critical section [change project]
2024-09-10 22:13:01,465 [INFO] PinOutPanel:1468 - setPackage(No Configuration,No Configuration)
2024-09-10 22:13:01,467 [INFO] PinOutPanel:1468 - setPackage(STM32F103C6Tx,LQFP48)
2024-09-10 22:13:02,547 [INFO] UtilMem:74 - Before build in PCC Used Memory: 222370560 Bytes (664797184)
2024-09-10 22:13:03,646 [INFO] UtilMem:74 - After build in PCC Used Memory: 351345408 Bytes (664797184)
2024-09-10 22:13:03,677 [INFO] IPUIPlugin:79 - create IPUIPlugin
2024-09-10 22:13:03,678 [INFO] IPUIPlugin:79 - create IPUIPlugin
2024-09-10 22:13:03,678 [INFO] IPUIPlugin:79 - create IPUIPlugin
2024-09-10 22:13:03,679 [INFO] IPUIPlugin:79 - create IPUIPlugin
2024-09-10 22:13:03,679 [INFO] IPUIPlugin:79 - create IPUIPlugin
2024-09-10 22:13:03,679 [INFO] IPUIPlugin:79 - create IPUIPlugin
2024-09-10 22:13:03,679 [INFO] IPUIPlugin:79 - create IPUIPlugin
2024-09-10 22:13:03,679 [INFO] IPUIPlugin:79 - create IPUIPlugin
2024-09-10 22:13:03,680 [INFO] IPUIPlugin:79 - create IPUIPlugin
2024-09-10 22:13:03,680 [INFO] IPUIPlugin:79 - create IPUIPlugin
2024-09-10 22:13:03,680 [INFO] IPUIPlugin:79 - create IPUIPlugin
2024-09-10 22:13:03,681 [INFO] IPUIPlugin:79 - create IPUIPlugin
2024-09-10 22:13:03,681 [INFO] IPUIPlugin:79 - create IPUIPlugin
2024-09-10 22:13:03,681 [INFO] IPUIPlugin:79 - create IPUIPlugin
2024-09-10 22:13:03,682 [INFO] IPUIPlugin:79 - create IPUIPlugin
2024-09-10 22:13:03,682 [INFO] IPUIPlugin:79 - create IPUIPlugin
2024-09-10 22:13:03,682 [INFO] IPUIPlugin:79 - create IPUIPlugin
2024-09-10 22:13:03,683 [INFO] IPUIPlugin:79 - create IPUIPlugin
2024-09-10 22:13:03,684 [INFO] IPUIPlugin:79 - create IPUIPlugin
2024-09-10 22:13:03,684 [INFO] IPUIPlugin:79 - create IPUIPlugin
2024-09-10 22:13:03,685 [INFO] IPUIPlugin:79 - create IPUIPlugin
2024-09-10 22:13:03,685 [INFO] IPUIPlugin:79 - create IPUIPlugin
2024-09-10 22:13:03,687 [INFO] IPUIPlugin:79 - create IPUIPlugin
2024-09-10 22:13:04,125 [INFO] OpenFileManager:327 - Restore cursor
2024-09-10 22:13:05,256 [INFO] UtilMem:74 - End SaveConfig() Used Memory: 455154432 Bytes (664797184)
2024-09-10 22:13:05,397 [INFO] UtilMem:74 - End SaveConfig() Used Memory: 467215104 Bytes (664797184)
2024-09-10 22:13:06,196 [INFO] BlockDiagram:2753 - set Specific Code input for plugin: NVIC
2024-09-10 22:13:06,196 [INFO] BlockDiagram:2753 - set Specific Code input for plugin: RCC
2024-09-10 22:13:06,198 [INFO] CodeGenerator:690 - code generatio: config db path: D:\BKRA\KEIL C test\STM32CubeIDE_1.10.1\STM32CubeIDE\plugins\com.st.stm32cube.common.mx_6.6.1.202207061420\\db\
2024-09-10 22:13:06,878 [INFO] CodeEngine:245 - oldGeneratedFile, D:\BKU\Year 3\VXL-VDK\git1\lab1\MXTmpFiles\license.tmp_save
2024-09-10 22:13:07,526 [INFO] CodeEngine:269 - Generated code: D:\BKU\Year 3\VXL-VDK\git1\lab1\MXTmpFiles\license.tmp
2024-09-10 22:13:07,545 [INFO] CodeEngine:245 - oldGeneratedFile, D:\BKU\Year 3\VXL-VDK\git1\lab1\Core\Src\stm32f1xx_it.c_save
2024-09-10 22:13:07,829 [INFO] CodeEngine:269 - Generated code: D:\BKU\Year 3\VXL-VDK\git1\lab1\Core\Src\stm32f1xx_it.c
2024-09-10 22:13:07,834 [INFO] CodeEngine:245 - oldGeneratedFile, D:\BKU\Year 3\VXL-VDK\git1\lab1\Core\Inc\stm32f1xx_it.h_save
2024-09-10 22:13:08,005 [INFO] CodeEngine:269 - Generated code: D:\BKU\Year 3\VXL-VDK\git1\lab1\Core\Inc\stm32f1xx_it.h
2024-09-10 22:13:08,161 [INFO] CodeEngine:245 - oldGeneratedFile, D:\BKU\Year 3\VXL-VDK\git1\lab1\Core\Src\stm32f1xx_hal_msp.c_save
2024-09-10 22:13:08,453 [INFO] CodeEngine:269 - Generated code: D:\BKU\Year 3\VXL-VDK\git1\lab1\Core\Src\stm32f1xx_hal_msp.c
2024-09-10 22:13:08,460 [INFO] CodeEngine:245 - oldGeneratedFile, D:\BKU\Year 3\VXL-VDK\git1\lab1\MXTmpFiles\system.tmp_save
2024-09-10 22:13:08,641 [INFO] CodeEngine:269 - Generated code: D:\BKU\Year 3\VXL-VDK\git1\lab1\MXTmpFiles\system.tmp
2024-09-10 22:13:08,652 [INFO] CodeEngine:245 - oldGeneratedFile, D:\BKU\Year 3\VXL-VDK\git1\lab1\Core\Inc\stm32f1xx_hal_conf.h_save
2024-09-10 22:13:08,864 [INFO] CodeEngine:269 - Generated code: D:\BKU\Year 3\VXL-VDK\git1\lab1\Core\Inc\stm32f1xx_hal_conf.h
2024-09-10 22:13:08,923 [INFO] CodeEngine:245 - oldGeneratedFile, D:\BKU\Year 3\VXL-VDK\git1\lab1\Core\Inc\main.h_save
2024-09-10 22:13:09,104 [INFO] CodeEngine:269 - Generated code: D:\BKU\Year 3\VXL-VDK\git1\lab1\Core\Inc\main.h
2024-09-10 22:13:09,110 [INFO] CodeEngine:245 - oldGeneratedFile, D:\BKU\Year 3\VXL-VDK\git1\lab1\Core\Src\main.c_save
2024-09-10 22:13:09,417 [INFO] CodeEngine:269 - Generated code: D:\BKU\Year 3\VXL-VDK\git1\lab1\Core\Src\main.c
2024-09-10 22:13:12,006 [INFO] ProjectBuilder:2919 - Time for Copy HAL[1] : 344mS.
2024-09-10 22:13:12,027 [INFO] ProjectBuilder:4117 - Project Generator version: 3.17.1
2024-09-10 22:13:12,948 [INFO] ConfigFileManager:1394 - The Die is : DIE412
2024-09-10 22:13:12,979 [INFO] ApiDbMcu:505 - Load IP Config File for FATFS
2024-09-10 22:13:13,097 [INFO] ApiDbMcu:505 - Load IP Config File for FREERTOS
2024-09-10 22:13:13,144 [INFO] ApiDbMcu:505 - Load IP Config File for USB_DEVICE
2024-09-10 22:13:19,729 [INFO] ProjectBuilder:4285 - Time for Generating toolchain IDE Files: 7702mS.
2024-09-10 22:13:19,731 [INFO] ProjectBuilder:2790 - Time for Copy CMSIS : 1mS.
2024-09-10 22:13:19,733 [INFO] ProjectBuilder:2790 - Time for Copy CMSIS : 0mS.
2024-09-10 22:13:20,992 [INFO] McuFinderGlobals:57 - Set McuFinderConnectedMode to true
2024-09-10 22:13:20,995 [INFO] ApiDb:443 - Save user favorites file C:\Users\User/.stm32cubeide/favorites.mcus.txt: 0 item(s)
2024-09-10 22:13:20,995 [INFO] ApiDb:447 - User favorites MCUs=[]
2024-09-10 22:14:19,390 [INFO] UtilMem:74 - End SaveConfig() Used Memory: 263226424 Bytes (664797184)
2024-09-10 22:14:20,329 [INFO] UtilMem:74 - End SaveConfig() Used Memory: 279187688 Bytes (664797184)
2024-09-10 22:14:20,597 [INFO] UtilMem:74 - End SaveConfig() Used Memory: 296722568 Bytes (664797184)
2024-09-10 22:14:21,077 [INFO] BlockDiagram:2753 - set Specific Code input for plugin: NVIC
2024-09-10 22:14:21,078 [INFO] BlockDiagram:2753 - set Specific Code input for plugin: SYS
2024-09-10 22:14:21,078 [INFO] BlockDiagram:2753 - set Specific Code input for plugin: GPIO
2024-09-10 22:14:21,078 [INFO] BlockDiagram:2753 - set Specific Code input for plugin: RCC
2024-09-10 22:14:21,079 [INFO] CodeGenerator:690 - code generatio: config db path: D:\BKRA\KEIL C test\STM32CubeIDE_1.10.1\STM32CubeIDE\plugins\com.st.stm32cube.common.mx_6.6.1.202207061420\\db\
2024-09-10 22:14:21,420 [INFO] CodeEngine:245 - oldGeneratedFile, D:\BKU\Year 3\VXL-VDK\git1\lab1\MXTmpFiles\license.tmp_save
2024-09-10 22:14:21,621 [INFO] CodeEngine:269 - Generated code: D:\BKU\Year 3\VXL-VDK\git1\lab1\MXTmpFiles\license.tmp
2024-09-10 22:14:21,770 [INFO] CodeEngine:245 - oldGeneratedFile, D:\BKU\Year 3\VXL-VDK\git1\lab1\MXTmpFiles\gpio.tmp_save
2024-09-10 22:14:21,950 [INFO] CodeEngine:269 - Generated code: D:\BKU\Year 3\VXL-VDK\git1\lab1\MXTmpFiles\gpio.tmp
2024-09-10 22:14:21,979 [INFO] CodeEngine:245 - oldGeneratedFile, D:\BKU\Year 3\VXL-VDK\git1\lab1\Core\Src\stm32f1xx_it.c_save
2024-09-10 22:14:22,130 [INFO] CodeEngine:269 - Generated code: D:\BKU\Year 3\VXL-VDK\git1\lab1\Core\Src\stm32f1xx_it.c
2024-09-10 22:14:22,146 [INFO] CodeEngine:245 - oldGeneratedFile, D:\BKU\Year 3\VXL-VDK\git1\lab1\Core\Inc\stm32f1xx_it.h_save
2024-09-10 22:14:22,294 [INFO] CodeEngine:269 - Generated code: D:\BKU\Year 3\VXL-VDK\git1\lab1\Core\Inc\stm32f1xx_it.h
2024-09-10 22:14:22,308 [INFO] CodeEngine:245 - oldGeneratedFile, D:\BKU\Year 3\VXL-VDK\git1\lab1\Core\Src\stm32f1xx_hal_msp.c_save
2024-09-10 22:14:22,525 [INFO] CodeEngine:269 - Generated code: D:\BKU\Year 3\VXL-VDK\git1\lab1\Core\Src\stm32f1xx_hal_msp.c
2024-09-10 22:14:22,532 [INFO] CodeEngine:245 - oldGeneratedFile, D:\BKU\Year 3\VXL-VDK\git1\lab1\MXTmpFiles\system.tmp_save
2024-09-10 22:14:22,694 [INFO] CodeEngine:269 - Generated code: D:\BKU\Year 3\VXL-VDK\git1\lab1\MXTmpFiles\system.tmp
2024-09-10 22:14:22,703 [INFO] CodeEngine:245 - oldGeneratedFile, D:\BKU\Year 3\VXL-VDK\git1\lab1\Core\Inc\stm32f1xx_hal_conf.h_save
2024-09-10 22:14:22,898 [INFO] CodeEngine:269 - Generated code: D:\BKU\Year 3\VXL-VDK\git1\lab1\Core\Inc\stm32f1xx_hal_conf.h
2024-09-10 22:14:22,942 [INFO] CodeEngine:245 - oldGeneratedFile, D:\BKU\Year 3\VXL-VDK\git1\lab1\Core\Inc\main.h_save
2024-09-10 22:14:23,109 [INFO] CodeEngine:269 - Generated code: D:\BKU\Year 3\VXL-VDK\git1\lab1\Core\Inc\main.h
2024-09-10 22:14:23,116 [INFO] CodeEngine:245 - oldGeneratedFile, D:\BKU\Year 3\VXL-VDK\git1\lab1\Core\Src\main.c_save
2024-09-10 22:14:23,329 [INFO] CodeEngine:269 - Generated code: D:\BKU\Year 3\VXL-VDK\git1\lab1\Core\Src\main.c
2024-09-10 22:14:24,450 [INFO] ProjectBuilder:2919 - Time for Copy HAL[1] : 146mS.
2024-09-10 22:14:24,455 [INFO] ProjectBuilder:4117 - Project Generator version: 3.17.1
2024-09-10 22:14:25,142 [INFO] ConfigFileManager:1394 - The Die is : DIE412
2024-09-10 22:14:27,642 [INFO] ProjectBuilder:4285 - Time for Generating toolchain IDE Files: 3187mS.
2024-09-10 22:14:27,643 [INFO] ProjectBuilder:2790 - Time for Copy CMSIS : 1mS.
2024-09-10 22:14:27,645 [INFO] ProjectBuilder:2790 - Time for Copy CMSIS : 0mS.
